Collecting MESO TCGA Data \n
Permission denied, please try again.
Permission denied, please try again.
Permission denied (publickey,password).
tar (child): gdac.broadinstitute.org_MESO.Merge_methylation__humanmethylation450__jhu_usc_edu__Level_3__within_bioassay_data_set_function__data.Level_3.2015020400.0.0.tar.gz: Cannot open: No such file or directory
tar (child): Error is not recoverable: exiting now
tar: Child returned status 2
tar: Error is not recoverable: exiting now
tar (child): gdac.broadinstitute.org_MESO.mRNAseq_Preprocess.Level_3.2015020400.0.0.tar.gz: Cannot open: No such file or directory
tar (child): Error is not recoverable: exiting now
tar: Child returned status 2
tar: Error is not recoverable: exiting now
File /icgc/dkfzlsdf/analysis/B080/steiger/data/MESO/gdac.broadinstitute.org_MESO.Merge_methylation__humanmethylation450__jhu_usc_edu__Level_3__within_bioassay_data_set_function__data.Level_3.2015020400.0.0/MESO.methylation__humanmethylation450__jhu_usc_edu__Level_3__within_bioassay_data_set_function__data.data.txt  not found
KernSmooth 2.23 loaded
Copyright M. P. Wand 1997-2009

Attaching package: ‘gplots’

The following object is masked from ‘package:stats’:

    lowess

Loading required package: methods
Loading required package: AnnotationDbi
Loading required package: BiocGenerics

Attaching package: ‘BiocGenerics’

The following objects are masked from ‘package:parallel’:

    clusterApply, clusterApplyLB, clusterCall, clusterEvalQ,
    clusterExport, clusterMap, parApply, parCapply, parLapply,
    parLapplyLB, parRapply, parSapply, parSapplyLB

The following object is masked from ‘package:stats’:

    xtabs

The following objects are masked from ‘package:base’:

    anyDuplicated, append, as.data.frame, as.vector, cbind, colnames,
    duplicated, eval, evalq, Filter, Find, get, intersect, is.unsorted,
    lapply, Map, mapply, match, mget, order, paste, pmax, pmax.int,
    pmin, pmin.int, Position, rank, rbind, Reduce, rep.int, rownames,
    sapply, setdiff, sort, table, tapply, union, unique, unlist

Loading required package: Biobase
Welcome to Bioconductor

    Vignettes contain introductory material; view with
    'browseVignettes()'. To cite Bioconductor, see
    'citation("Biobase")', and for packages 'citation("pkgname")'.

Loading required package: DBI

Loading required package: GenomicFeatures
Loading required package: IRanges

Attaching package: ‘IRanges’

The following object is masked from ‘package:gplots’:

    space

Loading required package: GenomicRanges
Loading required package: XVector

Attaching package: ‘GenomicRanges’

The following object is masked from ‘package:data.table’:

    last

Loading required package: Biostrings
Loading required package: BSgenome.Hsapiens.UCSC.hg19
Loading required package: BSgenome

Attaching package: ‘BSgenome’

The following object is masked from ‘package:AnnotationDbi’:

    species

Warning messages:
1: replacing previous import ‘initialize’ when loading ‘rtracklayer’ 
2: replacing previous import ‘show’ when loading ‘rtracklayer’ 
Reading meth-data
Error in read.table(file.path(meth.dir, "methylation450_NArm.txt"), sep = "\t",  : 
  no lines available in input
Execution halted
